<?xml version="1.0" encoding="UTF-8"?>
<testng-results skipped="0" failed="0" total="1" passed="1">
  <reporter-output>
  </reporter-output>
  <suite name="Suite" duration-ms="19578" started-at="2018-06-30T03:20:00Z" finished-at="2018-06-30T03:20:19Z">
    <groups>
    </groups>
    <test name="simpleproject" duration-ms="19578" started-at="2018-06-30T03:20:00Z" finished-at="2018-06-30T03:20:19Z">
      <class name="simpleproject.NewTest">
        <test-method status="PASS" signature="beforeClass()[pri:0, instance:simpleproject.NewTest@1e4cb85]" name="beforeClass" is-config="true" duration-ms="8512" started-at="2018-06-30T08:50:00Z" finished-at="2018-06-30T08:50:08Z">
          <reporter-output>
          </reporter-output>
        </test-method> <!-- beforeClass -->
        <test-method status="PASS" signature="openMyBlog()[pri:0, instance:simpleproject.NewTest@1e4cb85]" name="openMyBlog" duration-ms="9134" started-at="2018-06-30T08:50:08Z" finished-at="2018-06-30T08:50:17Z">
          <reporter-output>
          </reporter-output>
        </test-method> <!-- openMyBlog -->
        <test-method status="PASS" signature="afterClass()[pri:0, instance:simpleproject.NewTest@1e4cb85]" name="afterClass" is-config="true" duration-ms="1911" started-at="2018-06-30T08:50:17Z" finished-at="2018-06-30T08:50:19Z">
          <reporter-output>
          </reporter-output>
        </test-method> <!-- afterClass -->
      </class> <!-- simpleproject.NewTest -->
    </test> <!-- simpleproject -->
  </suite> <!-- Suite -->
</testng-results>
